Reading netlist file: "E:\Downloads\tang-nano-4K-master\dk_video_HD\impl\gwsynthesis\dk_video.vg"
Parsing netlist file "E:\Downloads\tang-nano-4K-master\dk_video_HD\impl\gwsynthesis\dk_video.vg" completed
Processing netlist completed
Reading constraint file: "E:\Downloads\tang-nano-4K-master\dk_video_HD\src\dk_video.cst"
Physical Constraint parsed completed
Running placement......
[10%] Placement Phase 0 completed
[20%] Placement Phase 1 completed
[30%] Placement Phase 2 completed
[50%] Placement Phase 3 completed
Running routing......
[60%] Routing Phase 0 completed
[70%] Routing Phase 1 completed
[80%] Routing Phase 2 completed
WARN  (PR1014) : Generic routing resource will be used to clock signal 'I_clk_d' by the specified constraint. And then it may lead to the excessive delay or skew
[90%] Routing Phase 3 completed
Running timing analysis......
[95%] Timing analysis completed
Placement and routing completed
Bitstream generation in progress......
Bitstream generation completed
Running power analysis......
[100%] Power analysis completed
Generate file "E:\Downloads\tang-nano-4K-master\dk_video_HD\impl\pnr\dk_video.power.html" completed
Generate file "E:\Downloads\tang-nano-4K-master\dk_video_HD\impl\pnr\dk_video.pin.html" completed
Generate file "E:\Downloads\tang-nano-4K-master\dk_video_HD\impl\pnr\dk_video.rpt.html" completed
Generate file "E:\Downloads\tang-nano-4K-master\dk_video_HD\impl\pnr\dk_video.rpt.txt" completed
Generate file "E:\Downloads\tang-nano-4K-master\dk_video_HD\impl\pnr\dk_video.tr.html" completed
Wed Dec 06 20:20:58 2023

